ERROR	2019-08-21 00:23:54.989	ALL_EXCEPTION.run() :: 
org.springframework.transaction.CannotCreateTransactionException: Could not open Hibernate Session for transaction; nested exception is org.hibernate.TransactionException: JDBC begin transaction failed: 
	at org.springframework.orm.hibernate5.HibernateTransactionManager.doBegin(HibernateTransactionManager.java:580)
	at org.springframework.transaction.support.AbstractPlatformTransactionManager.getTransaction(AbstractPlatformTransactionManager.java:378)
	at org.springframework.transaction.interceptor.TransactionAspectSupport.createTransactionIfNecessary(TransactionAspectSupport.java:474)
	at org.springframework.transaction.interceptor.TransactionAspectSupport.invokeWithinTransaction(TransactionAspectSupport.java:289)
	at org.springframework.transaction.interceptor.TransactionInterceptor.invoke(TransactionInterceptor.java:98)
	at org.springframework.aop.framework.ReflectiveMethodInvocation.proceed(ReflectiveMethodInvocation.java:186)
	at org.springframework.aop.framework.JdkDynamicAopProxy.invoke(JdkDynamicAopProxy.java:212)
	at com.sun.proxy.$Proxy95.save(Unknown Source)
	at vn.yotel.yoker.service.impl.AbstractBo.save(AbstractBo.java:30)
	at vn.yotel.yoker.job.UpdateTaixiuUserHistoryThread.run(UpdateTaixiuUserHistoryThread.java:49)
	at java.util.concurrent.Executors$RunnableAdapter.call(Executors.java:511)
	at java.util.concurrent.FutureTask.run(FutureTask.java:266)
	at java.util.concurrent.ThreadPoolExecutor.runWorker(ThreadPoolExecutor.java:1149)
	at java.util.concurrent.ThreadPoolExecutor$Worker.run(ThreadPoolExecutor.java:624)
	at java.lang.Thread.run(Thread.java:748)
Caused by: org.hibernate.TransactionException: JDBC begin transaction failed: 
	at org.hibernate.resource.jdbc.internal.AbstractLogicalConnectionImplementor.begin(AbstractLogicalConnectionImplementor.java:73)
	at org.hibernate.resource.jdbc.internal.LogicalConnectionManagedImpl.begin(LogicalConnectionManagedImpl.java:263)
	at org.hibernate.resource.transaction.backend.jdbc.internal.JdbcResourceLocalTransactionCoordinatorImpl$TransactionDriverControlImpl.begin(JdbcResourceLocalTransactionCoordinatorImpl.java:236)
	at org.hibernate.engine.transaction.internal.TransactionImpl.begin(TransactionImpl.java:86)
	at org.hibernate.internal.AbstractSharedSessionContract.beginTransaction(AbstractSharedSessionContract.java:468)
	at org.springframework.orm.hibernate5.HibernateTransactionManager.doBegin(HibernateTransactionManager.java:535)
	... 14 more
Caused by: com.mysql.cj.jdbc.exceptions.CommunicationsException: The last packet successfully received from the server was 1,948,946 milliseconds ago.  The last packet sent successfully to the server was 1,948,946 milliseconds ago. is longer than the server configured value of 'wait_timeout'. You should consider either expiring and/or testing connection validity before use in your application, increasing the server configured values for client timeouts, or using the Connector/J connection property 'autoReconnect=true' to avoid this problem.
	at com.mysql.cj.jdbc.exceptions.SQLError.createCommunicationsException(SQLError.java:174)
	at com.mysql.cj.jdbc.exceptions.SQLExceptionsMapping.translateException(SQLExceptionsMapping.java:64)
	at com.mysql.cj.jdbc.ConnectionImpl.setAutoCommit(ConnectionImpl.java:2074)
	at org.apache.commons.dbcp.DelegatingConnection.setAutoCommit(DelegatingConnection.java:371)
	at org.apache.commons.dbcp.PoolingDataSource$PoolGuardConnectionWrapper.setAutoCommit(PoolingDataSource.java:328)
	at org.hibernate.resource.jdbc.internal.AbstractLogicalConnectionImplementor.begin(AbstractLogicalConnectionImplementor.java:67)
	... 19 more
Caused by: com.mysql.cj.exceptions.CJCommunicationsException: The last packet successfully received from the server was 1,948,946 milliseconds ago.  The last packet sent successfully to the server was 1,948,946 milliseconds ago. is longer than the server configured value of 'wait_timeout'. You should consider either expiring and/or testing connection validity before use in your application, increasing the server configured values for client timeouts, or using the Connector/J connection property 'autoReconnect=true' to avoid this problem.
	at sun.reflect.NativeConstructorAccessorImpl.newInstance0(Native Method)
	at sun.reflect.NativeConstructorAccessorImpl.newInstance(NativeConstructorAccessorImpl.java:62)
	at sun.reflect.DelegatingConstructorAccessorImpl.newInstance(DelegatingConstructorAccessorImpl.java:45)
	at java.lang.reflect.Constructor.newInstance(Constructor.java:423)
	at com.mysql.cj.exceptions.ExceptionFactory.createException(ExceptionFactory.java:61)
	at com.mysql.cj.exceptions.ExceptionFactory.createException(ExceptionFactory.java:105)
	at com.mysql.cj.exceptions.ExceptionFactory.createException(ExceptionFactory.java:151)
	at com.mysql.cj.exceptions.ExceptionFactory.createCommunicationsException(ExceptionFactory.java:167)
	at com.mysql.cj.protocol.a.NativeProtocol.send(NativeProtocol.java:593)
	at com.mysql.cj.protocol.a.NativeProtocol.sendCommand(NativeProtocol.java:654)
	at com.mysql.cj.protocol.a.NativeProtocol.sendQueryPacket(NativeProtocol.java:986)
	at com.mysql.cj.protocol.a.NativeProtocol.sendQueryString(NativeProtocol.java:921)
	at com.mysql.cj.NativeSession.execSQL(NativeSession.java:1154)
	at com.mysql.cj.jdbc.ConnectionImpl.setAutoCommit(ConnectionImpl.java:2064)
	... 22 more
Caused by: java.net.SocketException: Connection reset
	at java.net.SocketOutputStream.socketWrite(SocketOutputStream.java:115)
	at java.net.SocketOutputStream.write(SocketOutputStream.java:155)
	at java.io.BufferedOutputStream.flushBuffer(BufferedOutputStream.java:82)
	at java.io.BufferedOutputStream.flush(BufferedOutputStream.java:140)
	at com.mysql.cj.protocol.a.SimplePacketSender.send(SimplePacketSender.java:55)
	at com.mysql.cj.protocol.a.TimeTrackingPacketSender.send(TimeTrackingPacketSender.java:50)
	at com.mysql.cj.protocol.a.NativeProtocol.send(NativeProtocol.java:584)
	... 27 more
ERROR	2019-08-21 00:50:38.989	ALL_EXCEPTION.run() :: 
org.springframework.transaction.CannotCreateTransactionException: Could not open Hibernate Session for transaction; nested exception is org.hibernate.TransactionException: JDBC begin transaction failed: 
	at org.springframework.orm.hibernate5.HibernateTransactionManager.doBegin(HibernateTransactionManager.java:580)
	at org.springframework.transaction.support.AbstractPlatformTransactionManager.getTransaction(AbstractPlatformTransactionManager.java:378)
	at org.springframework.transaction.interceptor.TransactionAspectSupport.createTransactionIfNecessary(TransactionAspectSupport.java:474)
	at org.springframework.transaction.interceptor.TransactionAspectSupport.invokeWithinTransaction(TransactionAspectSupport.java:289)
	at org.springframework.transaction.interceptor.TransactionInterceptor.invoke(TransactionInterceptor.java:98)
	at org.springframework.aop.framework.ReflectiveMethodInvocation.proceed(ReflectiveMethodInvocation.java:186)
	at org.springframework.aop.framework.JdkDynamicAopProxy.invoke(JdkDynamicAopProxy.java:212)
	at com.sun.proxy.$Proxy54.save(Unknown Source)
	at vn.yotel.yoker.service.impl.AbstractBo.save(AbstractBo.java:30)
	at vn.yotel.yoker.job.UpdateGoldHistoryThread.run(UpdateGoldHistoryThread.java:49)
	at java.util.concurrent.Executors$RunnableAdapter.call(Executors.java:511)
	at java.util.concurrent.FutureTask.run(FutureTask.java:266)
	at java.util.concurrent.ThreadPoolExecutor.runWorker(ThreadPoolExecutor.java:1149)
	at java.util.concurrent.ThreadPoolExecutor$Worker.run(ThreadPoolExecutor.java:624)
	at java.lang.Thread.run(Thread.java:748)
Caused by: org.hibernate.TransactionException: JDBC begin transaction failed: 
	at org.hibernate.resource.jdbc.internal.AbstractLogicalConnectionImplementor.begin(AbstractLogicalConnectionImplementor.java:73)
	at org.hibernate.resource.jdbc.internal.LogicalConnectionManagedImpl.begin(LogicalConnectionManagedImpl.java:263)
	at org.hibernate.resource.transaction.backend.jdbc.internal.JdbcResourceLocalTransactionCoordinatorImpl$TransactionDriverControlImpl.begin(JdbcResourceLocalTransactionCoordinatorImpl.java:236)
	at org.hibernate.engine.transaction.internal.TransactionImpl.begin(TransactionImpl.java:86)
	at org.hibernate.internal.AbstractSharedSessionContract.beginTransaction(AbstractSharedSessionContract.java:468)
	at org.springframework.orm.hibernate5.HibernateTransactionManager.doBegin(HibernateTransactionManager.java:535)
	... 14 more
Caused by: com.mysql.cj.jdbc.exceptions.CommunicationsException: The last packet successfully received from the server was 679,998 milliseconds ago.  The last packet sent successfully to the server was 679,998 milliseconds ago. is longer than the server configured value of 'wait_timeout'. You should consider either expiring and/or testing connection validity before use in your application, increasing the server configured values for client timeouts, or using the Connector/J connection property 'autoReconnect=true' to avoid this problem.
	at com.mysql.cj.jdbc.exceptions.SQLError.createCommunicationsException(SQLError.java:174)
	at com.mysql.cj.jdbc.exceptions.SQLExceptionsMapping.translateException(SQLExceptionsMapping.java:64)
	at com.mysql.cj.jdbc.ConnectionImpl.setAutoCommit(ConnectionImpl.java:2074)
	at org.apache.commons.dbcp.DelegatingConnection.setAutoCommit(DelegatingConnection.java:371)
	at org.apache.commons.dbcp.PoolingDataSource$PoolGuardConnectionWrapper.setAutoCommit(PoolingDataSource.java:328)
	at org.hibernate.resource.jdbc.internal.AbstractLogicalConnectionImplementor.begin(AbstractLogicalConnectionImplementor.java:67)
	... 19 more
Caused by: com.mysql.cj.exceptions.CJCommunicationsException: The last packet successfully received from the server was 679,998 milliseconds ago.  The last packet sent successfully to the server was 679,998 milliseconds ago. is longer than the server configured value of 'wait_timeout'. You should consider either expiring and/or testing connection validity before use in your application, increasing the server configured values for client timeouts, or using the Connector/J connection property 'autoReconnect=true' to avoid this problem.
	at sun.reflect.NativeConstructorAccessorImpl.newInstance0(Native Method)
	at sun.reflect.NativeConstructorAccessorImpl.newInstance(NativeConstructorAccessorImpl.java:62)
	at sun.reflect.DelegatingConstructorAccessorImpl.newInstance(DelegatingConstructorAccessorImpl.java:45)
	at java.lang.reflect.Constructor.newInstance(Constructor.java:423)
	at com.mysql.cj.exceptions.ExceptionFactory.createException(ExceptionFactory.java:61)
	at com.mysql.cj.exceptions.ExceptionFactory.createException(ExceptionFactory.java:105)
	at com.mysql.cj.exceptions.ExceptionFactory.createException(ExceptionFactory.java:151)
	at com.mysql.cj.exceptions.ExceptionFactory.createCommunicationsException(ExceptionFactory.java:167)
	at com.mysql.cj.protocol.a.NativeProtocol.send(NativeProtocol.java:593)
	at com.mysql.cj.protocol.a.NativeProtocol.sendCommand(NativeProtocol.java:654)
	at com.mysql.cj.protocol.a.NativeProtocol.sendQueryPacket(NativeProtocol.java:986)
	at com.mysql.cj.protocol.a.NativeProtocol.sendQueryString(NativeProtocol.java:921)
	at com.mysql.cj.NativeSession.execSQL(NativeSession.java:1154)
	at com.mysql.cj.jdbc.ConnectionImpl.setAutoCommit(ConnectionImpl.java:2064)
	... 22 more
Caused by: java.net.SocketException: Connection reset
	at java.net.SocketOutputStream.socketWrite(SocketOutputStream.java:115)
	at java.net.SocketOutputStream.write(SocketOutputStream.java:155)
	at java.io.BufferedOutputStream.flushBuffer(BufferedOutputStream.java:82)
	at java.io.BufferedOutputStream.flush(BufferedOutputStream.java:140)
	at com.mysql.cj.protocol.a.SimplePacketSender.send(SimplePacketSender.java:55)
	at com.mysql.cj.protocol.a.TimeTrackingPacketSender.send(TimeTrackingPacketSender.java:50)
	at com.mysql.cj.protocol.a.NativeProtocol.send(NativeProtocol.java:584)
	... 27 more
ERROR	2019-08-21 01:05:05.993	ALL_EXCEPTION.run() :: 
org.springframework.transaction.CannotCreateTransactionException: Could not open Hibernate Session for transaction; nested exception is org.hibernate.TransactionException: JDBC begin transaction failed: 
	at org.springframework.orm.hibernate5.HibernateTransactionManager.doBegin(HibernateTransactionManager.java:580)
	at org.springframework.transaction.support.AbstractPlatformTransactionManager.getTransaction(AbstractPlatformTransactionManager.java:378)
	at org.springframework.transaction.interceptor.TransactionAspectSupport.createTransactionIfNecessary(TransactionAspectSupport.java:474)
	at org.springframework.transaction.interceptor.TransactionAspectSupport.invokeWithinTransaction(TransactionAspectSupport.java:289)
	at org.springframework.transaction.interceptor.TransactionInterceptor.invoke(TransactionInterceptor.java:98)
	at org.springframework.aop.framework.ReflectiveMethodInvocation.proceed(ReflectiveMethodInvocation.java:186)
	at org.springframework.aop.framework.JdkDynamicAopProxy.invoke(JdkDynamicAopProxy.java:212)
	at com.sun.proxy.$Proxy95.save(Unknown Source)
	at vn.yotel.yoker.service.impl.AbstractBo.save(AbstractBo.java:30)
	at vn.yotel.yoker.job.UpdateTaixiuUserHistoryThread.run(UpdateTaixiuUserHistoryThread.java:49)
	at java.util.concurrent.Executors$RunnableAdapter.call(Executors.java:511)
	at java.util.concurrent.FutureTask.run(FutureTask.java:266)
	at java.util.concurrent.ThreadPoolExecutor.runWorker(ThreadPoolExecutor.java:1149)
	at java.util.concurrent.ThreadPoolExecutor$Worker.run(ThreadPoolExecutor.java:624)
	at java.lang.Thread.run(Thread.java:748)
Caused by: org.hibernate.TransactionException: JDBC begin transaction failed: 
	at org.hibernate.resource.jdbc.internal.AbstractLogicalConnectionImplementor.begin(AbstractLogicalConnectionImplementor.java:73)
	at org.hibernate.resource.jdbc.internal.LogicalConnectionManagedImpl.begin(LogicalConnectionManagedImpl.java:263)
	at org.hibernate.resource.transaction.backend.jdbc.internal.JdbcResourceLocalTransactionCoordinatorImpl$TransactionDriverControlImpl.begin(JdbcResourceLocalTransactionCoordinatorImpl.java:236)
	at org.hibernate.engine.transaction.internal.TransactionImpl.begin(TransactionImpl.java:86)
	at org.hibernate.internal.AbstractSharedSessionContract.beginTransaction(AbstractSharedSessionContract.java:468)
	at org.springframework.orm.hibernate5.HibernateTransactionManager.doBegin(HibernateTransactionManager.java:535)
	... 14 more
Caused by: com.mysql.cj.jdbc.exceptions.CommunicationsException: The last packet successfully received from the server was 811,000 milliseconds ago.  The last packet sent successfully to the server was 811,000 milliseconds ago. is longer than the server configured value of 'wait_timeout'. You should consider either expiring and/or testing connection validity before use in your application, increasing the server configured values for client timeouts, or using the Connector/J connection property 'autoReconnect=true' to avoid this problem.
	at com.mysql.cj.jdbc.exceptions.SQLError.createCommunicationsException(SQLError.java:174)
	at com.mysql.cj.jdbc.exceptions.SQLExceptionsMapping.translateException(SQLExceptionsMapping.java:64)
	at com.mysql.cj.jdbc.ConnectionImpl.setAutoCommit(ConnectionImpl.java:2074)
	at org.apache.commons.dbcp.DelegatingConnection.setAutoCommit(DelegatingConnection.java:371)
	at org.apache.commons.dbcp.PoolingDataSource$PoolGuardConnectionWrapper.setAutoCommit(PoolingDataSource.java:328)
	at org.hibernate.resource.jdbc.internal.AbstractLogicalConnectionImplementor.begin(AbstractLogicalConnectionImplementor.java:67)
	... 19 more
Caused by: com.mysql.cj.exceptions.CJCommunicationsException: The last packet successfully received from the server was 811,000 milliseconds ago.  The last packet sent successfully to the server was 811,000 milliseconds ago. is longer than the server configured value of 'wait_timeout'. You should consider either expiring and/or testing connection validity before use in your application, increasing the server configured values for client timeouts, or using the Connector/J connection property 'autoReconnect=true' to avoid this problem.
	at sun.reflect.NativeConstructorAccessorImpl.newInstance0(Native Method)
	at sun.reflect.NativeConstructorAccessorImpl.newInstance(NativeConstructorAccessorImpl.java:62)
	at sun.reflect.DelegatingConstructorAccessorImpl.newInstance(DelegatingConstructorAccessorImpl.java:45)
	at java.lang.reflect.Constructor.newInstance(Constructor.java:423)
	at com.mysql.cj.exceptions.ExceptionFactory.createException(ExceptionFactory.java:61)
	at com.mysql.cj.exceptions.ExceptionFactory.createException(ExceptionFactory.java:105)
	at com.mysql.cj.exceptions.ExceptionFactory.createException(ExceptionFactory.java:151)
	at com.mysql.cj.exceptions.ExceptionFactory.createCommunicationsException(ExceptionFactory.java:167)
	at com.mysql.cj.protocol.a.NativeProtocol.send(NativeProtocol.java:593)
	at com.mysql.cj.protocol.a.NativeProtocol.sendCommand(NativeProtocol.java:654)
	at com.mysql.cj.protocol.a.NativeProtocol.sendQueryPacket(NativeProtocol.java:986)
	at com.mysql.cj.protocol.a.NativeProtocol.sendQueryString(NativeProtocol.java:921)
	at com.mysql.cj.NativeSession.execSQL(NativeSession.java:1154)
	at com.mysql.cj.jdbc.ConnectionImpl.setAutoCommit(ConnectionImpl.java:2064)
	... 22 more
Caused by: java.net.SocketException: Connection reset
	at java.net.SocketOutputStream.socketWrite(SocketOutputStream.java:115)
	at java.net.SocketOutputStream.write(SocketOutputStream.java:155)
	at java.io.BufferedOutputStream.flushBuffer(BufferedOutputStream.java:82)
	at java.io.BufferedOutputStream.flush(BufferedOutputStream.java:140)
	at com.mysql.cj.protocol.a.SimplePacketSender.send(SimplePacketSender.java:55)
	at com.mysql.cj.protocol.a.TimeTrackingPacketSender.send(TimeTrackingPacketSender.java:50)
	at com.mysql.cj.protocol.a.NativeProtocol.send(NativeProtocol.java:584)
	... 27 more
